<?xml version="1.0" encoding="UTF-8"?>
<!-- Generated by org.testng.reporters.JUnitXMLReporter -->
<testsuite ignored="2" hostname="Rahulsbook" failures="0" tests="2" name="Test" time="19.924" errors="0" timestamp="2025-09-04T01:20:50 IST">
  <testcase classname="com.nopcommerce.tests.RegisterTest" name="registerWithValidData" time="4.209"/>
  <testcase classname="com.nopcommerce.tests.LoginTest" name="loginWithValidData" time="7.466"/>
  <testcase classname="com.nopcommerce.base.Basetest" name="@BeforeSuite setupExtent" time="0.0">
    <ignored/>
  </testcase> <!-- @BeforeSuite setupExtent -->
  <testcase classname="com.nopcommerce.base.Basetest" name="@AfterSuite closeReport" time="0.0">
    <ignored/>
  </testcase> <!-- @AfterSuite closeReport -->
</testsuite> <!-- Test -->
